<?xml version="1.0" encoding="UTF-8"?>
<!-- Generated by org.testng.reporters.JUnitReportReporter -->
<testsuite hostname="DESKTOP-FPFPIJS" failures="0" tests="1" name="day22.Demo5" time="0.028" errors="0" timestamp="2024-09-28T11:43:05 IST" skipped="0">
  <testcase classname="day22.Demo5" name="test5" time="0.028"/>
  <system-out>
    <![CDATA[@test5]]>
  </system-out>
</testsuite> <!-- day22.Demo5 -->
