<?xml version="1.0" encoding="UTF-8"?>
<!-- Generated by org.testng.reporters.JUnitReportReporter -->
<testsuite hostname="DESKTOP-FPFPIJS" failures="0" tests="6" name="day21.Demo5" time="0.032" errors="0" timestamp="2025-05-21T23:11:11 IST" skipped="0">
  <testcase classname="day21.Demo5" name="test5b" time="0.002"/>
  <system-out>
    <![CDATA[Test5b...]]>
  </system-out>
  <testcase classname="day21.Demo5" name="test5a" time="0.019"/>
  <system-out>
    <![CDATA[Test5a...
Test5a...
Test5a...
Test5a...
Test5a...]]>
  </system-out>
  <testcase classname="day21.Demo5" name="test5b" time="0.004"/>
  <system-out>
    <![CDATA[Test5b...]]>
  </system-out>
  <testcase classname="day21.Demo5" name="test5b" time="0.003"/>
  <system-out>
    <![CDATA[Test5b...]]>
  </system-out>
  <testcase classname="day21.Demo5" name="test5b" time="0.002"/>
  <system-out>
    <![CDATA[Test5b...]]>
  </system-out>
  <testcase classname="day21.Demo5" name="test5b" time="0.002"/>
  <system-out>
    <![CDATA[Test5b...]]>
  </system-out>
</testsuite> <!-- day21.Demo5 -->
