<?xml version="1.0" encoding="UTF-8"?>
<!-- Generated by org.testng.reporters.JUnitReportReporter -->
<testsuite hostname="DESKTOP-FPFPIJS" failures="0" tests="1" name="day24.Demo3" time="17.951" errors="0" timestamp="2024-09-28T13:48:44 IST" skipped="0">
  <testcase classname="day24.Demo3" name="testA" time="17.951"/>
  <system-out/>
</testsuite> <!-- day24.Demo3 -->
