<?xml version="1.0" encoding="UTF-8"?>
<!-- Generated by org.testng.reporters.JUnitReportReporter -->
<testsuite hostname="DESKTOP-FPFPIJS" failures="0" tests="5" name="day21.Demo6" time="0.042" errors="0" timestamp="2024-09-24T20:25:06 IST" skipped="0">
  <testcase classname="day21.Demo6" name="createUser" time="0.016"/>
  <system-out>
    <![CDATA[Create User:Arjun]]>
  </system-out>
  <testcase classname="day21.Demo6" name="createUser" time="0.010"/>
  <system-out>
    <![CDATA[Create User:Ambika]]>
  </system-out>
  <testcase classname="day21.Demo6" name="createUser" time="0.007"/>
  <system-out>
    <![CDATA[Create User:Chandra]]>
  </system-out>
  <testcase classname="day21.Demo6" name="createUser" time="0.003"/>
  <system-out>
    <![CDATA[Create User:Sunitha]]>
  </system-out>
  <testcase classname="day21.Demo6" name="createUser" time="0.006"/>
  <system-out>
    <![CDATA[Create User:Ravi]]>
  </system-out>
</testsuite> <!-- day21.Demo6 -->
