<?xml version="1.0" encoding="UTF-8"?>
<!-- Generated by org.testng.reporters.JUnitReportReporter -->
<testsuite hostname="DESKTOP-FPFPIJS" failures="0" tests="3" name="day21.Demo7" time="0.031" errors="0" timestamp="2024-09-14T01:14:16 IST" skipped="0">
  <testcase classname="day21.Demo7" name="createUser" time="0.003"/>
  <system-out>
    <![CDATA[Create User:UserB with pw:B123]]>
  </system-out>
  <testcase classname="day21.Demo7" name="createUser" time="0.021"/>
  <system-out>
    <![CDATA[Create User:UserA with pw:A123]]>
  </system-out>
  <testcase classname="day21.Demo7" name="createUser" time="0.007"/>
  <system-out>
    <![CDATA[Create User:UserC with pw:C123]]>
  </system-out>
</testsuite> <!-- day21.Demo7 -->
