<?xml version="1.0" encoding="UTF-8"?>
<!-- Generated by org.testng.reporters.JUnitReportReporter -->
<testsuite hostname="DESKTOP-FPFPIJS" failures="0" tests="1" name="day21.Demo3" time="0.004" errors="0" timestamp="2024-09-14T16:19:27 IST" skipped="0">
  <testcase classname="day21.Demo3" name="testA" time="0.004"/>
  <system-out>
    <![CDATA[Test3*****
Test3%%%%
Test3$$$$]]>
  </system-out>
</testsuite> <!-- day21.Demo3 -->
