<?xml version="1.0" encoding="UTF-8"?>
<!-- Generated by org.testng.reporters.JUnitReportReporter -->
<testsuite hostname="DESKTOP-FPFPIJS" failures="0" tests="1" name="day22.Demo4" time="0.016" errors="0" timestamp="2025-05-21T23:59:29 IST" skipped="0">
  <testcase classname="day22.Demo4" name="f" time="0.016"/>
  <system-out>
    <![CDATA[@Test]]>
  </system-out>
</testsuite> <!-- day22.Demo4 -->
