<?xml version="1.0" encoding="UTF-8"?>
<!-- Generated by org.testng.reporters.JUnitReportReporter -->
<testsuite hostname="DESKTOP-FPFPIJS" failures="0" tests="1" name="day21.Demo2" time="0.003" errors="0" timestamp="2024-09-14T16:19:27 IST" skipped="0">
  <testcase classname="day21.Demo2" name="testA" time="0.003"/>
  <system-out>
    <![CDATA[Test2*****
Test2%%%%
Test2$$$$]]>
  </system-out>
</testsuite> <!-- day21.Demo2 -->
