<?xml version="1.0" encoding="UTF-8"?>
<!-- Generated by org.testng.reporters.JUnitReportReporter -->
<testsuite hostname="DESKTOP-FPFPIJS" failures="0" tests="1" name="day22.Demo6" time="0.020" errors="0" timestamp="2024-09-28T11:44:22 IST" skipped="0">
  <testcase classname="day22.Demo6" name="test6" time="0.020"/>
  <system-out>
    <![CDATA[test6]]>
  </system-out>
</testsuite> <!-- day22.Demo6 -->
