<?xml version="1.0" encoding="UTF-8"?>
<!-- Generated by org.testng.reporters.JUnitReportReporter -->
<testsuite hostname="DESKTOP-FPFPIJS" failures="0" tests="2" name="day22.Demo7" time="0.031" errors="0" timestamp="2025-05-22T00:03:29 IST" skipped="0">
  <testcase classname="day22.Demo7" name="test7A" time="0.025"/>
  <system-out>
    <![CDATA[test7A]]>
  </system-out>
  <testcase classname="day22.Demo7" name="test7B" time="0.006"/>
  <system-out>
    <![CDATA[test7B]]>
  </system-out>
</testsuite> <!-- day22.Demo7 -->
