<?xml version="1.0" encoding="UTF-8"?>
<!-- Generated by org.testng.reporters.JUnitReportReporter -->
<testsuite hostname="DESKTOP-FPFPIJS" failures="0" tests="3" name="day21.Demo9" time="0.041" errors="0" timestamp="2024-01-02T22:39:06 IST" skipped="0">
  <testcase classname="day21.Demo9" name="createUser" time="0.009"/>
  <system-out>
    <![CDATA[Create User:UserC with pw:C123]]>
  </system-out>
  <testcase classname="day21.Demo9" name="createUser" time="0.005"/>
  <system-out>
    <![CDATA[Create User:UserB with pw:B123]]>
  </system-out>
  <testcase classname="day21.Demo9" name="createUser" time="0.027"/>
  <system-out>
    <![CDATA[Create User:UserA with pw:A123]]>
  </system-out>
</testsuite> <!-- day21.Demo9 -->
