<?xml version="1.0" encoding="UTF-8"?>
<!-- Generated by org.testng.reporters.JUnitReportReporter -->
<testsuite hostname="DESKTOP-FPFPIJS" failures="0" tests="1" name="day22.Demo2" time="0.020" errors="0" timestamp="2025-05-21T23:47:09 IST" skipped="0">
  <testcase classname="day22.Demo2" name="test2" time="0.020"/>
  <system-out>
    <![CDATA[Test2...]]>
  </system-out>
</testsuite> <!-- day22.Demo2 -->
