<?xml version="1.0" encoding="UTF-8"?>
<!-- Generated by org.testng.reporters.JUnitReportReporter -->
<testsuite hostname="DESKTOP-FPFPIJS" failures="0" tests="1" name="day23.Demo2" time="34.761" errors="0" timestamp="2024-01-04T22:41:11 IST" skipped="0">
  <testcase classname="day23.Demo2" name="testA" time="34.761"/>
  <system-out/>
</testsuite> <!-- day23.Demo2 -->
