<?xml version="1.0" encoding="UTF-8"?>
<!-- Generated by org.testng.reporters.JUnitReportReporter -->
<testsuite hostname="DESKTOP-FPFPIJS" failures="0" tests="3" name="day21.Demo4" time="0.030" errors="0" timestamp="2025-05-21T23:08:09 IST" skipped="0">
  <testcase classname="day21.Demo4" name="registerUser" time="0.021"/>
  <system-out>
    <![CDATA[Register User]]>
  </system-out>
  <testcase classname="day21.Demo4" name="editUser" time="0.003"/>
  <system-out>
    <![CDATA[Edit User]]>
  </system-out>
  <testcase classname="day21.Demo4" name="deleteUser" time="0.006"/>
  <system-out>
    <![CDATA[Delete User]]>
  </system-out>
</testsuite> <!-- day21.Demo4 -->
