<?xml version="1.0" encoding="UTF-8"?>
<!-- Generated by org.testng.reporters.JUnitReportReporter -->
<testsuite hostname="DESKTOP-FPFPIJS" failures="0" tests="1" name="day21.Demo1" time="0.026" errors="0" timestamp="2024-09-24T19:25:54 IST" skipped="0">
  <testcase classname="day21.Demo1" name="testA" time="0.026"/>
  <system-out>
    <![CDATA[Test1*****
Test1%%%%
Test1$$$$]]>
  </system-out>
</testsuite> <!-- day21.Demo1 -->
