<?xml version="1.0" encoding="UTF-8"?>
<!-- Generated by org.testng.reporters.JUnitReportReporter -->
<testsuite hostname="DESKTOP-FPFPIJS" failures="0" tests="1" name="day22.Demo8" time="0.022" errors="0" timestamp="2024-09-14T23:13:22 IST" skipped="0">
  <testcase classname="day22.Demo8" name="test8" time="0.022"/>
  <system-out>
    <![CDATA[test8...BengaluruChennai]]>
  </system-out>
</testsuite> <!-- day22.Demo8 -->
