<?xml version="1.0" encoding="UTF-8"?>
<!-- Generated by org.testng.reporters.JUnitReportReporter -->
<testsuite hostname="DESKTOP-FPFPIJS" failures="0" tests="2" name="day22.Demo3" time="0.046" errors="0" timestamp="2024-09-28T11:38:51 IST" skipped="0">
  <testcase classname="day22.Demo3" name="test4" time="0.022"/>
  <system-out>
    <![CDATA[Test4...]]>
  </system-out>
  <testcase classname="day22.Demo3" name="test3" time="0.024"/>
  <system-out>
    <![CDATA[Test3...]]>
  </system-out>
</testsuite> <!-- day22.Demo3 -->
