<?xml version="1.0" encoding="UTF-8"?>
<!-- Generated by org.testng.reporters.JUnitReportReporter -->
<testsuite hostname="DESKTOP-FPFPIJS" failures="0" tests="2" name="day22.Demo1" time="0.022" errors="0" timestamp="2025-05-21T23:45:11 IST" skipped="0">
  <testcase classname="day22.Demo1" name="deleteCustomer" time="0.007"/>
  <system-out>
    <![CDATA[Delete Customer]]>
  </system-out>
  <testcase classname="day22.Demo1" name="createCustomer" time="0.015"/>
  <system-out>
    <![CDATA[Create Customer]]>
  </system-out>
</testsuite> <!-- day22.Demo1 -->
