<?xml version="1.0" encoding="UTF-8"?>
<!-- Generated by org.testng.reporters.JUnitReportReporter -->
<testsuite hostname="DESKTOP-FPFPIJS" failures="0" tests="1" name="day23.Demo1" time="29.238" errors="0" timestamp="2025-05-23T00:37:36 IST" skipped="0">
  <testcase classname="day23.Demo1" name="testA" time="29.238"/>
  <system-out/>
</testsuite> <!-- day23.Demo1 -->
