<?xml version="1.0" encoding="UTF-8"?>
<!-- Generated by org.testng.reporters.JUnitReportReporter -->
<testsuite hostname="DESKTOP-FPFPIJS" failures="0" tests="2" name="day24.Demo4" time="0.045" errors="0" timestamp="2024-01-05T08:33:30 IST" skipped="0">
  <testcase classname="day24.Demo4" name="registerUser" time="0.024"/>
  <system-out>
    <![CDATA[Register User]]>
  </system-out>
  <testcase classname="day24.Demo4" name="deleteUser" time="0.021"/>
  <system-out>
    <![CDATA[Delete User]]>
  </system-out>
</testsuite> <!-- day24.Demo4 -->
