<?xml version="1.0" encoding="UTF-8"?>
<!-- Generated by org.testng.reporters.JUnitReportReporter -->
<testsuite hostname="DESKTOP-FPFPIJS" failures="0" tests="9" name="day24.Demo7" time="0.097" errors="0" timestamp="2025-05-22T23:03:46 IST" skipped="1">
  <testcase classname="day24.Demo7" name="createUser" time="0.022"/>
  <system-out>
    <![CDATA[createUser]]>
  </system-out>
  <testcase classname="day24.Demo7" name="deleteUser" time="0.007"/>
  <system-out>
    <![CDATA[deleteUser]]>
  </system-out>
  <testcase classname="day24.Demo7" name="createCustomer" time="0.029"/>
  <system-out>
    <![CDATA[createCustomer]]>
  </system-out>
  <testcase classname="day24.Demo7" name="editUser" time="0.006"/>
  <system-out>
    <![CDATA[editUser]]>
  </system-out>
  <testcase classname="day24.Demo7" name="createProduct" time="0.010"/>
  <system-out>
    <![CDATA[createProduct]]>
  </system-out>
  <testcase classname="day24.Demo7" name="deleteProduct" time="0.006"/>
  <system-out>
    <![CDATA[deleteProduct]]>
  </system-out>
  <testcase classname="day24.Demo7" name="deleteCustomer" time="0.012"/>
  <system-out>
    <![CDATA[deleteCustomer]]>
  </system-out>
  <testcase classname="day24.Demo7" name="editProduct" time="0.005"/>
  <system-out>
    <![CDATA[editProduct]]>
  </system-out>
  <testcase classname="day24.Demo7" name="editCustomer">
    <skipped/>
  </testcase> <!-- editCustomer -->
  <system-out/>
</testsuite> <!-- day24.Demo7 -->
